0 info it worked if it ends with ok
1 verbose cli [ '/usr/local/bin/node', '/usr/local/bin/npm', 'install' ]
2 info using npm@2.14.3
3 info using node@v4.1.0
4 verbose readDependencies loading dependencies from /Users/cperry/Developer/GitRepos/rgi-assessment-tool/package.json
5 verbose install where, deps [ '/Users/cperry/Developer/GitRepos/rgi-assessment-tool',
5 verbose install   [ 'aws-sdk',
5 verbose install     'body-parser',
5 verbose install     'bootstrap',
5 verbose install     'campaign',
5 verbose install     'connect-multiparty',
5 verbose install     'cookie-parser',
5 verbose install     'countrycodes',
5 verbose install     'email-templates',
5 verbose install     'express',
5 verbose install     'express-session',
5 verbose install     'jade',
5 verbose install     'mime',
5 verbose install     'mongoose',
5 verbose install     'morgan',
5 verbose install     'newrelic',
5 verbose install     'node-mandrill',
5 verbose install     'passport',
5 verbose install     'passport-local',
5 verbose install     'request',
5 verbose install     's3',
5 verbose install     'simple-oauth2',
5 verbose install     'stylus',
5 verbose install     'chai',
5 verbose install     'grunt',
5 verbose install     'grunt-contrib-jade',
5 verbose install     'grunt-contrib-jshint',
5 verbose install     'grunt-contrib-nodeunit',
5 verbose install     'grunt-contrib-uglify',
5 verbose install     'grunt-contrib-watch',
5 verbose install     'jshint',
5 verbose install     'jshint-stylish',
5 verbose install     'karma',
5 verbose install     'karma-chai-plugins',
5 verbose install     'karma-chrome-launcher',
5 verbose install     'karma-mocha',
5 verbose install     'karma-phantomjs-launcher',
5 verbose install     'karma-safari-launcher',
5 verbose install     'load-grunt-tasks',
5 verbose install     'mocha' ] ]
6 verbose install where, peers [ '/Users/cperry/Developer/GitRepos/rgi-assessment-tool', [] ]
7 verbose installManyTop reading for lifecycle /Users/cperry/Developer/GitRepos/rgi-assessment-tool/package.json
8 info preinstall rgi-assessment-tool@1.0.0
9 verbose installManyTop reading scoped package data from /Users/cperry/Developer/GitRepos/rgi-assessment-tool/node_modules/aws-sdk/package.json
10 verbose installManyTop reading scoped package data from /Users/cperry/Developer/GitRepos/rgi-assessment-tool/node_modules/body-parser/package.json
11 verbose installManyTop reading scoped package data from /Users/cperry/Developer/GitRepos/rgi-assessment-tool/node_modules/bootstrap/package.json
12 verbose installManyTop reading scoped package data from /Users/cperry/Developer/GitRepos/rgi-assessment-tool/node_modules/campaign/package.json
13 verbose installManyTop reading scoped package data from /Users/cperry/Developer/GitRepos/rgi-assessment-tool/node_modules/chai/package.json
14 verbose installManyTop reading scoped package data from /Users/cperry/Developer/GitRepos/rgi-assessment-tool/node_modules/connect-multiparty/package.json
15 verbose installManyTop reading scoped package data from /Users/cperry/Developer/GitRepos/rgi-assessment-tool/node_modules/cookie-parser/package.json
16 verbose installManyTop reading scoped package data from /Users/cperry/Developer/GitRepos/rgi-assessment-tool/node_modules/countrycodes/package.json
17 verbose installManyTop reading scoped package data from /Users/cperry/Developer/GitRepos/rgi-assessment-tool/node_modules/email-templates/package.json
18 verbose installManyTop reading scoped package data from /Users/cperry/Developer/GitRepos/rgi-assessment-tool/node_modules/express/package.json
19 verbose installManyTop reading scoped package data from /Users/cperry/Developer/GitRepos/rgi-assessment-tool/node_modules/express-session/package.json
20 verbose installManyTop reading scoped package data from /Users/cperry/Developer/GitRepos/rgi-assessment-tool/node_modules/grunt/package.json
21 verbose installManyTop reading scoped package data from /Users/cperry/Developer/GitRepos/rgi-assessment-tool/node_modules/grunt-contrib-jade/package.json
22 verbose installManyTop reading scoped package data from /Users/cperry/Developer/GitRepos/rgi-assessment-tool/node_modules/grunt-contrib-jshint/package.json
23 verbose installManyTop reading scoped package data from /Users/cperry/Developer/GitRepos/rgi-assessment-tool/node_modules/grunt-contrib-nodeunit/package.json
24 verbose installManyTop reading scoped package data from /Users/cperry/Developer/GitRepos/rgi-assessment-tool/node_modules/grunt-contrib-uglify/package.json
25 verbose installManyTop reading scoped package data from /Users/cperry/Developer/GitRepos/rgi-assessment-tool/node_modules/grunt-contrib-watch/package.json
26 verbose installManyTop reading scoped package data from /Users/cperry/Developer/GitRepos/rgi-assessment-tool/node_modules/jade/package.json
27 verbose installManyTop reading scoped package data from /Users/cperry/Developer/GitRepos/rgi-assessment-tool/node_modules/jshint/package.json
28 verbose installManyTop reading scoped package data from /Users/cperry/Developer/GitRepos/rgi-assessment-tool/node_modules/jshint-stylish/package.json
29 verbose installManyTop reading scoped package data from /Users/cperry/Developer/GitRepos/rgi-assessment-tool/node_modules/karma/package.json
30 verbose installManyTop reading scoped package data from /Users/cperry/Developer/GitRepos/rgi-assessment-tool/node_modules/karma-chai-plugins/package.json
31 verbose installManyTop reading scoped package data from /Users/cperry/Developer/GitRepos/rgi-assessment-tool/node_modules/karma-chrome-launcher/package.json
32 verbose installManyTop reading scoped package data from /Users/cperry/Developer/GitRepos/rgi-assessment-tool/node_modules/karma-mocha/package.json
33 verbose installManyTop reading scoped package data from /Users/cperry/Developer/GitRepos/rgi-assessment-tool/node_modules/karma-phantomjs-launcher/package.json
34 verbose installManyTop reading scoped package data from /Users/cperry/Developer/GitRepos/rgi-assessment-tool/node_modules/karma-safari-launcher/package.json
35 verbose installManyTop reading scoped package data from /Users/cperry/Developer/GitRepos/rgi-assessment-tool/node_modules/load-grunt-tasks/package.json
36 verbose installManyTop reading scoped package data from /Users/cperry/Developer/GitRepos/rgi-assessment-tool/node_modules/mime/package.json
37 verbose installManyTop reading scoped package data from /Users/cperry/Developer/GitRepos/rgi-assessment-tool/node_modules/mocha/package.json
38 verbose installManyTop reading scoped package data from /Users/cperry/Developer/GitRepos/rgi-assessment-tool/node_modules/mongoose/package.json
39 verbose installManyTop reading scoped package data from /Users/cperry/Developer/GitRepos/rgi-assessment-tool/node_modules/mongoose-html/package.json
40 verbose installManyTop reading scoped package data from /Users/cperry/Developer/GitRepos/rgi-assessment-tool/node_modules/mongoose-validate/package.json
41 verbose installManyTop reading scoped package data from /Users/cperry/Developer/GitRepos/rgi-assessment-tool/node_modules/morgan/package.json
42 verbose installManyTop reading scoped package data from /Users/cperry/Developer/GitRepos/rgi-assessment-tool/node_modules/newrelic/package.json
43 verbose installManyTop reading scoped package data from /Users/cperry/Developer/GitRepos/rgi-assessment-tool/node_modules/node-mandrill/package.json
44 verbose installManyTop reading scoped package data from /Users/cperry/Developer/GitRepos/rgi-assessment-tool/node_modules/passport/package.json
45 verbose installManyTop reading scoped package data from /Users/cperry/Developer/GitRepos/rgi-assessment-tool/node_modules/passport-local/package.json
46 verbose installManyTop reading scoped package data from /Users/cperry/Developer/GitRepos/rgi-assessment-tool/node_modules/request/package.json
47 verbose installManyTop reading scoped package data from /Users/cperry/Developer/GitRepos/rgi-assessment-tool/node_modules/s3/package.json
48 verbose installManyTop reading scoped package data from /Users/cperry/Developer/GitRepos/rgi-assessment-tool/node_modules/simple-oauth2/package.json
49 verbose installManyTop reading scoped package data from /Users/cperry/Developer/GitRepos/rgi-assessment-tool/node_modules/stylus/package.json
50 info package.json campaign@1.7.0 No license field.
51 info package.json countrycodes@0.0.5 license should be a valid SPDX license expression
52 info package.json email-templates@1.3.0 No license field.
53 info package.json grunt@0.4.5 No license field.
54 info package.json grunt-contrib-nodeunit@0.4.1 No license field.
55 info package.json grunt-contrib-uglify@0.6.0 No license field.
56 info package.json mime@1.3.4 No license field.
57 info package.json mongoose-validate@0.0.5 No license field.
58 info package.json newrelic@1.21.2 No license field.
59 info package.json node-mandrill@1.0.1 No license field.
60 info package.json passport-local@1.0.0 No license field.
61 info package.json simple-oauth2@0.2.1 No license field.
62 info package.json grunt-contrib-watch@0.6.1 No license field.
63 verbose readDependencies loading dependencies from /Users/cperry/Developer/GitRepos/rgi-assessment-tool/package.json
64 verbose targetResolver reading package data from /Users/cperry/Developer/GitRepos/rgi-assessment-tool/node_modules/aws-sdk/package.json
65 verbose targetResolver reading package data from /Users/cperry/Developer/GitRepos/rgi-assessment-tool/node_modules/body-parser/package.json
66 verbose targetResolver reading package data from /Users/cperry/Developer/GitRepos/rgi-assessment-tool/node_modules/bootstrap/package.json
67 verbose targetResolver reading package data from /Users/cperry/Developer/GitRepos/rgi-assessment-tool/node_modules/campaign/package.json
68 verbose targetResolver reading package data from /Users/cperry/Developer/GitRepos/rgi-assessment-tool/node_modules/chai/package.json
69 verbose targetResolver reading package data from /Users/cperry/Developer/GitRepos/rgi-assessment-tool/node_modules/connect-multiparty/package.json
70 verbose targetResolver reading package data from /Users/cperry/Developer/GitRepos/rgi-assessment-tool/node_modules/cookie-parser/package.json
71 verbose targetResolver reading package data from /Users/cperry/Developer/GitRepos/rgi-assessment-tool/node_modules/countrycodes/package.json
72 verbose targetResolver reading package data from /Users/cperry/Developer/GitRepos/rgi-assessment-tool/node_modules/email-templates/package.json
73 verbose targetResolver reading package data from /Users/cperry/Developer/GitRepos/rgi-assessment-tool/node_modules/express/package.json
74 verbose targetResolver reading package data from /Users/cperry/Developer/GitRepos/rgi-assessment-tool/node_modules/express-session/package.json
75 verbose targetResolver reading package data from /Users/cperry/Developer/GitRepos/rgi-assessment-tool/node_modules/grunt/package.json
76 verbose targetResolver reading package data from /Users/cperry/Developer/GitRepos/rgi-assessment-tool/node_modules/grunt-contrib-jade/package.json
77 verbose targetResolver reading package data from /Users/cperry/Developer/GitRepos/rgi-assessment-tool/node_modules/grunt-contrib-jshint/package.json
78 verbose targetResolver reading package data from /Users/cperry/Developer/GitRepos/rgi-assessment-tool/node_modules/grunt-contrib-nodeunit/package.json
79 verbose targetResolver reading package data from /Users/cperry/Developer/GitRepos/rgi-assessment-tool/node_modules/grunt-contrib-uglify/package.json
80 verbose targetResolver reading package data from /Users/cperry/Developer/GitRepos/rgi-assessment-tool/node_modules/grunt-contrib-watch/package.json
81 verbose targetResolver reading package data from /Users/cperry/Developer/GitRepos/rgi-assessment-tool/node_modules/jade/package.json
82 verbose targetResolver reading package data from /Users/cperry/Developer/GitRepos/rgi-assessment-tool/node_modules/jshint/package.json
83 verbose targetResolver reading package data from /Users/cperry/Developer/GitRepos/rgi-assessment-tool/node_modules/jshint-stylish/package.json
84 verbose targetResolver reading package data from /Users/cperry/Developer/GitRepos/rgi-assessment-tool/node_modules/karma/package.json
85 verbose targetResolver reading package data from /Users/cperry/Developer/GitRepos/rgi-assessment-tool/node_modules/karma-chai-plugins/package.json
86 verbose targetResolver reading package data from /Users/cperry/Developer/GitRepos/rgi-assessment-tool/node_modules/karma-chrome-launcher/package.json
87 verbose targetResolver reading package data from /Users/cperry/Developer/GitRepos/rgi-assessment-tool/node_modules/karma-mocha/package.json
88 verbose targetResolver reading package data from /Users/cperry/Developer/GitRepos/rgi-assessment-tool/node_modules/karma-phantomjs-launcher/package.json
89 verbose targetResolver reading package data from /Users/cperry/Developer/GitRepos/rgi-assessment-tool/node_modules/karma-safari-launcher/package.json
90 verbose targetResolver reading package data from /Users/cperry/Developer/GitRepos/rgi-assessment-tool/node_modules/load-grunt-tasks/package.json
91 verbose targetResolver reading package data from /Users/cperry/Developer/GitRepos/rgi-assessment-tool/node_modules/mime/package.json
92 verbose targetResolver reading package data from /Users/cperry/Developer/GitRepos/rgi-assessment-tool/node_modules/mocha/package.json
93 verbose targetResolver reading package data from /Users/cperry/Developer/GitRepos/rgi-assessment-tool/node_modules/mongoose/package.json
94 verbose targetResolver reading package data from /Users/cperry/Developer/GitRepos/rgi-assessment-tool/node_modules/mongoose-html/package.json
95 verbose targetResolver reading package data from /Users/cperry/Developer/GitRepos/rgi-assessment-tool/node_modules/mongoose-validate/package.json
96 verbose targetResolver reading package data from /Users/cperry/Developer/GitRepos/rgi-assessment-tool/node_modules/morgan/package.json
97 verbose targetResolver reading package data from /Users/cperry/Developer/GitRepos/rgi-assessment-tool/node_modules/newrelic/package.json
98 verbose targetResolver reading package data from /Users/cperry/Developer/GitRepos/rgi-assessment-tool/node_modules/node-mandrill/package.json
99 verbose targetResolver reading package data from /Users/cperry/Developer/GitRepos/rgi-assessment-tool/node_modules/passport/package.json
100 verbose targetResolver reading package data from /Users/cperry/Developer/GitRepos/rgi-assessment-tool/node_modules/passport-local/package.json
101 verbose targetResolver reading package data from /Users/cperry/Developer/GitRepos/rgi-assessment-tool/node_modules/request/package.json
102 verbose targetResolver reading package data from /Users/cperry/Developer/GitRepos/rgi-assessment-tool/node_modules/s3/package.json
103 verbose targetResolver reading package data from /Users/cperry/Developer/GitRepos/rgi-assessment-tool/node_modules/simple-oauth2/package.json
104 verbose targetResolver reading package data from /Users/cperry/Developer/GitRepos/rgi-assessment-tool/node_modules/stylus/package.json
105 verbose targetResolver reading package data from /Users/cperry/Developer/GitRepos/rgi-assessment-tool/node_modules/.bin/jade/package.json
106 verbose targetResolver reading package data from /Users/cperry/Developer/GitRepos/rgi-assessment-tool/node_modules/.bin/jshint/package.json
107 verbose targetResolver reading package data from /Users/cperry/Developer/GitRepos/rgi-assessment-tool/node_modules/.bin/karma/package.json
108 verbose targetResolver reading package data from /Users/cperry/Developer/GitRepos/rgi-assessment-tool/node_modules/.bin/mime/package.json
109 verbose targetResolver reading package data from /Users/cperry/Developer/GitRepos/rgi-assessment-tool/node_modules/.bin/mocha/package.json
110 verbose targetResolver reading package data from /Users/cperry/Developer/GitRepos/rgi-assessment-tool/node_modules/.bin/stylus/package.json
111 verbose already installed skipping express@^4.10.2 /Users/cperry/Developer/GitRepos/rgi-assessment-tool
112 verbose already installed skipping express-session@^1.9.1 /Users/cperry/Developer/GitRepos/rgi-assessment-tool
113 verbose already installed skipping jade@^1.7.0 /Users/cperry/Developer/GitRepos/rgi-assessment-tool
114 verbose already installed skipping mime@^1.3.4 /Users/cperry/Developer/GitRepos/rgi-assessment-tool
115 verbose already installed skipping mongoose@^4.0.0 /Users/cperry/Developer/GitRepos/rgi-assessment-tool
116 verbose already installed skipping morgan@^1.5.0 /Users/cperry/Developer/GitRepos/rgi-assessment-tool
117 verbose already installed skipping newrelic@^1.20.2 /Users/cperry/Developer/GitRepos/rgi-assessment-tool
118 verbose already installed skipping node-mandrill@^1.0.1 /Users/cperry/Developer/GitRepos/rgi-assessment-tool
119 verbose already installed skipping passport@^0.2.1 /Users/cperry/Developer/GitRepos/rgi-assessment-tool
120 verbose already installed skipping passport-local@^1.0.0 /Users/cperry/Developer/GitRepos/rgi-assessment-tool
121 verbose already installed skipping request@^2.55.0 /Users/cperry/Developer/GitRepos/rgi-assessment-tool
122 verbose already installed skipping s3@^4.3.1 /Users/cperry/Developer/GitRepos/rgi-assessment-tool
123 verbose already installed skipping simple-oauth2@^0.2.1 /Users/cperry/Developer/GitRepos/rgi-assessment-tool
124 verbose already installed skipping stylus@^0.49.3 /Users/cperry/Developer/GitRepos/rgi-assessment-tool
125 verbose already installed skipping chai@^1.9.1 /Users/cperry/Developer/GitRepos/rgi-assessment-tool
126 verbose already installed skipping grunt@^0.4.5 /Users/cperry/Developer/GitRepos/rgi-assessment-tool
127 verbose already installed skipping grunt-contrib-jade@^0.15.0 /Users/cperry/Developer/GitRepos/rgi-assessment-tool
128 verbose already installed skipping grunt-contrib-jshint@^0.11.3 /Users/cperry/Developer/GitRepos/rgi-assessment-tool
129 verbose already installed skipping grunt-contrib-nodeunit@^0.4.1 /Users/cperry/Developer/GitRepos/rgi-assessment-tool
130 verbose already installed skipping grunt-contrib-uglify@^0.6.0 /Users/cperry/Developer/GitRepos/rgi-assessment-tool
131 verbose already installed skipping grunt-contrib-watch@^0.6.1 /Users/cperry/Developer/GitRepos/rgi-assessment-tool
132 verbose already installed skipping jshint@^2.8.0 /Users/cperry/Developer/GitRepos/rgi-assessment-tool
133 verbose already installed skipping jshint-stylish@^2.0.1 /Users/cperry/Developer/GitRepos/rgi-assessment-tool
134 verbose already installed skipping karma@^0.12.25 /Users/cperry/Developer/GitRepos/rgi-assessment-tool
135 verbose already installed skipping karma-chai-plugins@^0.2.3 /Users/cperry/Developer/GitRepos/rgi-assessment-tool
136 verbose already installed skipping karma-chrome-launcher@^0.1.7 /Users/cperry/Developer/GitRepos/rgi-assessment-tool
137 verbose already installed skipping karma-mocha@^0.1.9 /Users/cperry/Developer/GitRepos/rgi-assessment-tool
138 verbose already installed skipping karma-phantomjs-launcher@^0.1.4 /Users/cperry/Developer/GitRepos/rgi-assessment-tool
139 verbose already installed skipping karma-safari-launcher@^0.1.1 /Users/cperry/Developer/GitRepos/rgi-assessment-tool
140 verbose already installed skipping load-grunt-tasks@^0.6.0 /Users/cperry/Developer/GitRepos/rgi-assessment-tool
141 verbose already installed skipping mocha@^2.0.1 /Users/cperry/Developer/GitRepos/rgi-assessment-tool
142 verbose already installed skipping aws-sdk@^2.1.24 /Users/cperry/Developer/GitRepos/rgi-assessment-tool
143 verbose already installed skipping body-parser@^1.9.2 /Users/cperry/Developer/GitRepos/rgi-assessment-tool
144 verbose already installed skipping bootstrap@^3.3.1 /Users/cperry/Developer/GitRepos/rgi-assessment-tool
145 verbose already installed skipping campaign@^1.7.0 /Users/cperry/Developer/GitRepos/rgi-assessment-tool
146 verbose already installed skipping connect-multiparty@^1.2.5 /Users/cperry/Developer/GitRepos/rgi-assessment-tool
147 verbose already installed skipping cookie-parser@^1.3.3 /Users/cperry/Developer/GitRepos/rgi-assessment-tool
148 verbose already installed skipping countrycodes@0.0.5 /Users/cperry/Developer/GitRepos/rgi-assessment-tool
149 verbose already installed skipping email-templates@^1.1.2 /Users/cperry/Developer/GitRepos/rgi-assessment-tool
150 silly install resolved []
151 info build /Users/cperry/Developer/GitRepos/rgi-assessment-tool
152 info linkStuff rgi-assessment-tool@1.0.0
153 silly linkStuff rgi-assessment-tool@1.0.0 has /Users/cperry/Developer/GitRepos as its parent node_modules
154 verbose linkBins rgi-assessment-tool@1.0.0
155 verbose linkMans rgi-assessment-tool@1.0.0
156 verbose rebuildBundles rgi-assessment-tool@1.0.0
157 verbose rebuildBundles [ '.bin',
157 verbose rebuildBundles   'aws-sdk',
157 verbose rebuildBundles   'body-parser',
157 verbose rebuildBundles   'bootstrap',
157 verbose rebuildBundles   'campaign',
157 verbose rebuildBundles   'chai',
157 verbose rebuildBundles   'connect-multiparty',
157 verbose rebuildBundles   'cookie-parser',
157 verbose rebuildBundles   'countrycodes',
157 verbose rebuildBundles   'email-templates',
157 verbose rebuildBundles   'express',
157 verbose rebuildBundles   'express-session',
157 verbose rebuildBundles   'grunt',
157 verbose rebuildBundles   'grunt-contrib-jade',
157 verbose rebuildBundles   'grunt-contrib-jshint',
157 verbose rebuildBundles   'grunt-contrib-nodeunit',
157 verbose rebuildBundles   'grunt-contrib-uglify',
157 verbose rebuildBundles   'grunt-contrib-watch',
157 verbose rebuildBundles   'jade',
157 verbose rebuildBundles   'jshint',
157 verbose rebuildBundles   'jshint-stylish',
157 verbose rebuildBundles   'karma',
157 verbose rebuildBundles   'karma-chai-plugins',
157 verbose rebuildBundles   'karma-chrome-launcher',
157 verbose rebuildBundles   'karma-mocha',
157 verbose rebuildBundles   'karma-phantomjs-launcher',
157 verbose rebuildBundles   'karma-safari-launcher',
157 verbose rebuildBundles   'load-grunt-tasks',
157 verbose rebuildBundles   'mime',
157 verbose rebuildBundles   'mocha',
157 verbose rebuildBundles   'mongoose',
157 verbose rebuildBundles   'mongoose-html',
157 verbose rebuildBundles   'mongoose-validate',
157 verbose rebuildBundles   'morgan',
157 verbose rebuildBundles   'newrelic',
157 verbose rebuildBundles   'node-mandrill',
157 verbose rebuildBundles   'passport',
157 verbose rebuildBundles   'passport-local',
157 verbose rebuildBundles   'request',
157 verbose rebuildBundles   's3',
157 verbose rebuildBundles   'simple-oauth2',
157 verbose rebuildBundles   'stylus' ]
158 verbose rebuild bundle /Users/cperry/Developer/GitRepos/rgi-assessment-tool/node_modules/mongoose-html
159 info build /Users/cperry/Developer/GitRepos/rgi-assessment-tool/node_modules/mongoose-html
160 info preinstall mongoose-html@0.0.1
161 info linkStuff mongoose-html@0.0.1
162 silly linkStuff mongoose-html@0.0.1 has /Users/cperry/Developer/GitRepos/rgi-assessment-tool/node_modules as its parent node_modules
163 verbose linkBins mongoose-html@0.0.1
164 verbose linkMans mongoose-html@0.0.1
165 verbose rebuildBundles mongoose-html@0.0.1
166 verbose rebuildBundles [ 'sanitize-html' ]
167 info install mongoose-html@0.0.1
168 info postinstall mongoose-html@0.0.1
169 verbose rebuild bundle /Users/cperry/Developer/GitRepos/rgi-assessment-tool/node_modules/mongoose-validate
170 info build /Users/cperry/Developer/GitRepos/rgi-assessment-tool/node_modules/mongoose-validate
171 info preinstall mongoose-validate@0.0.5
172 info linkStuff mongoose-validate@0.0.5
173 silly linkStuff mongoose-validate@0.0.5 has /Users/cperry/Developer/GitRepos/rgi-assessment-tool/node_modules as its parent node_modules
174 verbose linkBins mongoose-validate@0.0.5
175 verbose linkMans mongoose-validate@0.0.5
176 verbose rebuildBundles mongoose-validate@0.0.5
177 verbose rebuildBundles [ 'validator' ]
178 info install mongoose-validate@0.0.5
179 info postinstall mongoose-validate@0.0.5
180 info install rgi-assessment-tool@1.0.0
181 info postinstall rgi-assessment-tool@1.0.0
182 info prepublish rgi-assessment-tool@1.0.0
183 verbose validateInstall loading /Users/cperry/Developer/GitRepos/rgi-assessment-tool/package.json for validation
184 verbose stack Error: The package mongoose@4.1.11 does not satisfy its siblings' peerDependencies requirements!
184 verbose stack     at /usr/local/lib/node_modules/npm/lib/install.js:125:32
184 verbose stack     at /usr/local/lib/node_modules/npm/lib/install.js:268:7
184 verbose stack     at /usr/local/lib/node_modules/npm/node_modules/read-installed/read-installed.js:142:5
184 verbose stack     at /usr/local/lib/node_modules/npm/node_modules/read-installed/read-installed.js:263:14
184 verbose stack     at cb (/usr/local/lib/node_modules/npm/node_modules/slide/lib/async-map.js:47:24)
184 verbose stack     at /usr/local/lib/node_modules/npm/node_modules/read-installed/read-installed.js:263:14
184 verbose stack     at cb (/usr/local/lib/node_modules/npm/node_modules/slide/lib/async-map.js:47:24)
184 verbose stack     at /usr/local/lib/node_modules/npm/node_modules/read-installed/read-installed.js:263:14
184 verbose stack     at cb (/usr/local/lib/node_modules/npm/node_modules/slide/lib/async-map.js:47:24)
184 verbose stack     at /usr/local/lib/node_modules/npm/node_modules/read-installed/read-installed.js:263:14
185 verbose cwd /Users/cperry/Developer/GitRepos/rgi-assessment-tool
186 error Darwin 14.5.0
187 error argv "/usr/local/bin/node" "/usr/local/bin/npm" "install"
188 error node v4.1.0
189 error npm  v2.14.3
190 error code EPEERINVALID
191 error peerinvalid The package mongoose@4.1.11 does not satisfy its siblings' peerDependencies requirements!
191 error peerinvalid Peer mongoose-html@0.0.1 wants mongoose@3.x
192 verbose exit [ 1, true ]
